INFO:sim:172 - Generating IP...
Resolving generics for 'loading'...
Applying external generics to 'loading'...
Delivering associated files for 'loading'...
Delivering EJava files for 'loading'...
Generating implementation netlist for 'loading'...
INFO:sim - Pre-processing HDL files for 'loading'...
Running synthesis for 'loading'
Running ngcbuild...
Writing VEO instantiation template for 'loading'...
Writing Verilog behavioral simulation model for 'loading'...
WARNING:sim - Overwriting existing file
   C:/Users/CST/Desktop/Pac-Man0.78/ipcore_dir/tmp/_cg/loading/doc/blk_mem_gen_v
   7_3_vinfo.html with file from view xilinx_documentation
Delivered 1 file into directory
C:/Users/CST/Desktop/Pac-Man0.78/ipcore_dir/tmp/_cg/loading
Generating ASY schematic symbol...
INFO:sim:949 - Finished generation of ASY schematic symbol.
Generating SYM schematic symbol for 'loading'...
Generating metadata file...
Generating ISE project file for 'loading'...
Generating ISE project...
XCO file found: loading.xco
XMDF file found: loading_xmdf.tcl
Adding C:/Users/CST/Desktop/Pac-Man0.78/ipcore_dir/tmp/_cg/loading.asy -view all
-origin_type imported
Adding C:/Users/CST/Desktop/Pac-Man0.78/ipcore_dir/tmp/_cg/loading.ngc -view all
-origin_type created
Checking file "C:/Users/CST/Desktop/Pac-Man0.78/ipcore_dir/tmp/_cg/loading.ngc"
for project device match ...
File "C:/Users/CST/Desktop/Pac-Man0.78/ipcore_dir/tmp/_cg/loading.ngc" device
information matches project device.
Adding C:/Users/CST/Desktop/Pac-Man0.78/ipcore_dir/tmp/_cg/loading.sym -view all
-origin_type imported
Adding C:/Users/CST/Desktop/Pac-Man0.78/ipcore_dir/tmp/_cg/loading.v -view all
-origin_type created
INFO:HDLCompiler:1845 - Analyzing Verilog file
   "C:/Users/CST/Desktop/Pac-Man0.78/ipcore_dir/tmp/_cg/loading.v" into library
   work
INFO:ProjectMgmt - Parsing design hierarchy completed successfully.
Adding C:/Users/CST/Desktop/Pac-Man0.78/ipcore_dir/tmp/_cg/loading.veo -view all
-origin_type imported
INFO:TclTasksC:2116 - The automatic calculation of top has been turned-off.
   Please set the new top explicitly by running the "project set top" command.
   To re-calculate the new top automatically, set the "Auto Implementation Top"
   property to true.
Top level has been set to "/loading"
Generating README file...
Generating FLIST file...
INFO:sim:948 - Finished FLIST file generation.
Launching README viewer...
Moving files to output directory...
Finished moving files to output directory
Wrote CGP file for project 'loading'.
